<?xml version="1.0" encoding="UTF-8"?>
<!-- Generated by org.testng.reporters.JUnitXMLReporter -->
<testsuite ignored="0" hostname="vajapu" failures="0" tests="3" name="Test" time="232.874" errors="0" timestamp="2020-06-25T13:10:05 IST">
  <testcase classname="com.HealthyfiMe.test.TrackFood_Test" name="trackBreakfast" time="42.919"/>
  <testcase classname="com.HealthyfiMe.test.TrackFood_Test" name="trackBreakfast" time="42.297"/>
  <testcase classname="com.HealthyfiMe.test.TrackFood_Test" name="trackBreakfast" time="41.785"/>
</testsuite> <!-- Test -->
