<?xml version="1.0" encoding="UTF-8"?>
<!-- Generated by org.testng.reporters.JUnitXMLReporter -->
<testsuite ignored="0" hostname="vajapu" failures="0" tests="3" name="Test" time="158.38" errors="0" timestamp="2020-07-06T08:30:00 IST">
  <testcase classname="com.HealthyfiMe.test.TrackFood_Test" name="trackBreakfast" time="43.467"/>
  <testcase classname="com.HealthyfiMe.test.TrackFood_Test" name="trackBreakfast" time="40.197"/>
  <testcase classname="com.HealthyfiMe.test.TrackFood_Test" name="trackBreakfast" time="40.255"/>
</testsuite> <!-- Test -->
