<?xml version="1.0" encoding="UTF-8"?>
<testng-results ignored="0" total="3" passed="3" failed="0" skipped="0">
  <reporter-output>
  </reporter-output>
  <suite started-at="2020-07-06T08:27:22 IST" name="Suite" finished-at="2020-07-06T08:30:00 IST" duration-ms="158380">
    <groups>
    </groups>
    <test started-at="2020-07-06T08:27:22 IST" name="Test" finished-at="2020-07-06T08:30:00 IST" duration-ms="158380">
      <class name="com.HealthyfiMe.test.TrackFood_Test">
        <test-method is-config="true" signature="login()[pri:0, instance:com.HealthyfiMe.test.TrackFood_Test@7f1302d6]" started-at="2020-07-06T08:27:22 IST" name="login" finished-at="2020-07-06T08:27:55 IST" duration-ms="33585" status="PASS">
          <reporter-output>
          </reporter-output>
        </test-method> <!-- login -->
        <test-method signature="trackBreakfast(com.HealthyfiMe.page.TrackFood$MEALTYPE)[pri:0, instance:com.HealthyfiMe.test.TrackFood_Test@7f1302d6]" started-at="2020-07-06T08:27:55 IST" name="trackBreakfast" data-provider="MealTypes" finished-at="2020-07-06T08:28:39 IST" duration-ms="43467" status="PASS">
          <params>
            <param index="0">
              <value>
                <![CDATA[BREAKFAST]]>
              </value>
            </param>
          </params>
          <reporter-output>
          </reporter-output>
        </test-method> <!-- trackBreakfast -->
        <test-method signature="trackBreakfast(com.HealthyfiMe.page.TrackFood$MEALTYPE)[pri:0, instance:com.HealthyfiMe.test.TrackFood_Test@7f1302d6]" started-at="2020-07-06T08:28:39 IST" name="trackBreakfast" data-provider="MealTypes" finished-at="2020-07-06T08:29:19 IST" duration-ms="40197" status="PASS">
          <params>
            <param index="0">
              <value>
                <![CDATA[LUNCH]]>
              </value>
            </param>
          </params>
          <reporter-output>
          </reporter-output>
        </test-method> <!-- trackBreakfast -->
        <test-method signature="trackBreakfast(com.HealthyfiMe.page.TrackFood$MEALTYPE)[pri:0, instance:com.HealthyfiMe.test.TrackFood_Test@7f1302d6]" started-at="2020-07-06T08:29:19 IST" name="trackBreakfast" data-provider="MealTypes" finished-at="2020-07-06T08:29:59 IST" duration-ms="40255" status="PASS">
          <params>
            <param index="0">
              <value>
                <![CDATA[DINNER]]>
              </value>
            </param>
          </params>
          <reporter-output>
          </reporter-output>
        </test-method> <!-- trackBreakfast -->
        <test-method is-config="true" signature="quit()[pri:0, instance:com.HealthyfiMe.test.TrackFood_Test@7f1302d6]" started-at="2020-07-06T08:29:59 IST" name="quit" finished-at="2020-07-06T08:30:00 IST" duration-ms="795" status="PASS">
          <reporter-output>
          </reporter-output>
        </test-method> <!-- quit -->
      </class> <!-- com.HealthyfiMe.test.TrackFood_Test -->
    </test> <!-- Test -->
  </suite> <!-- Suite -->
</testng-results>
